<?xml version="1.0" encoding="UTF-8"?>
<testsuite xmlns:xsi="http://www.w3.org/2001/XMLSchema-instance" xsi:noNamespaceSchemaLocation="https://maven.apache.org/surefire/maven-surefire-plugin/xsd/surefire-test-report.xsd" name="guestbook.GuestbookControllerIntegrationTests" time="0.927" tests="2" errors="0" skipped="0" failures="0">
  <properties>
    <property name="java.specification.version" value="13"/>
    <property name="sun.jnu.encoding" value="UTF-8"/>
    <property name="java.class.path" value="/Users/lauran/guestbook/target/test-classes:/Users/lauran/guestbook/target/classes:/Users/lauran/.m2/repository/org/springframework/boot/spring-boot-starter-data-jpa/2.2.0.M4/spring-boot-starter-data-jpa-2.2.0.M4.jar:/Users/lauran/.m2/repository/org/springframework/boot/spring-boot-starter-aop/2.2.0.M4/spring-boot-starter-aop-2.2.0.M4.jar:/Users/lauran/.m2/repository/org/aspectj/aspectjweaver/1.9.4/aspectjweaver-1.9.4.jar:/Users/lauran/.m2/repository/org/springframework/boot/spring-boot-starter-jdbc/2.2.0.M4/spring-boot-starter-jdbc-2.2.0.M4.jar:/Users/lauran/.m2/repository/com/zaxxer/HikariCP/3.3.1/HikariCP-3.3.1.jar:/Users/lauran/.m2/repository/org/springframework/spring-jdbc/5.2.0.M3/spring-jdbc-5.2.0.M3.jar:/Users/lauran/.m2/repository/jakarta/activation/jakarta.activation-api/1.2.1/jakarta.activation-api-1.2.1.jar:/Users/lauran/.m2/repository/jakarta/persistence/jakarta.persistence-api/2.2.2/jakarta.persistence-api-2.2.2.jar:/Users/lauran/.m2/repository/jakarta/transaction/jakarta.transaction-api/1.3.2/jakarta.transaction-api-1.3.2.jar:/Users/lauran/.m2/repository/org/hibernate/hibernate-core/5.4.3.Final/hibernate-core-5.4.3.Final.jar:/Users/lauran/.m2/repository/org/jboss/logging/jboss-logging/3.4.0.Final/jboss-logging-3.4.0.Final.jar:/Users/lauran/.m2/repository/org/javassist/javassist/3.24.0-GA/javassist-3.24.0-GA.jar:/Users/lauran/.m2/repository/net/bytebuddy/byte-buddy/1.9.13/byte-buddy-1.9.13.jar:/Users/lauran/.m2/repository/antlr/antlr/2.7.7/antlr-2.7.7.jar:/Users/lauran/.m2/repository/org/jboss/jandex/2.0.5.Final/jandex-2.0.5.Final.jar:/Users/lauran/.m2/repository/com/fasterxml/classmate/1.5.0/classmate-1.5.0.jar:/Users/lauran/.m2/repository/org/dom4j/dom4j/2.1.1/dom4j-2.1.1.jar:/Users/lauran/.m2/repository/org/hibernate/common/hibernate-commons-annotations/5.1.0.Final/hibernate-commons-annotations-5.1.0.Final.jar:/Users/lauran/.m2/repository/org/glassfish/jaxb/jaxb-runtime/2.3.2/jaxb-runtime-2.3.2.jar:/Users/lauran/.m2/repository/org/glassfish/jaxb/txw2/2.3.2/txw2-2.3.2.jar:/Users/lauran/.m2/repository/com/sun/istack/istack-commons-runtime/3.0.8/istack-commons-runtime-3.0.8.jar:/Users/lauran/.m2/repository/org/jvnet/staxex/stax-ex/1.8.1/stax-ex-1.8.1.jar:/Users/lauran/.m2/repository/com/sun/xml/fastinfoset/FastInfoset/1.2.16/FastInfoset-1.2.16.jar:/Users/lauran/.m2/repository/org/springframework/data/spring-data-jpa/2.2.0.RC1/spring-data-jpa-2.2.0.RC1.jar:/Users/lauran/.m2/repository/org/springframework/data/spring-data-commons/2.2.0.RC1/spring-data-commons-2.2.0.RC1.jar:/Users/lauran/.m2/repository/org/springframework/spring-orm/5.2.0.M3/spring-orm-5.2.0.M3.jar:/Users/lauran/.m2/repository/org/springframework/spring-context/5.2.0.M3/spring-context-5.2.0.M3.jar:/Users/lauran/.m2/repository/org/springframework/spring-tx/5.2.0.M3/spring-tx-5.2.0.M3.jar:/Users/lauran/.m2/repository/org/springframework/spring-beans/5.2.0.M3/spring-beans-5.2.0.M3.jar:/Users/lauran/.m2/repository/org/springframework/spring-aspects/5.2.0.M3/spring-aspects-5.2.0.M3.jar:/Users/lauran/.m2/repository/org/hsqldb/hsqldb/2.5.0/hsqldb-2.5.0.jar:/Users/lauran/.m2/repository/org/springframework/boot/spring-boot-starter-web/2.2.0.M4/spring-boot-starter-web-2.2.0.M4.jar:/Users/lauran/.m2/repository/org/springframework/boot/spring-boot-starter/2.2.0.M4/spring-boot-starter-2.2.0.M4.jar:/Users/lauran/.m2/repository/org/springframework/boot/spring-boot-starter-logging/2.2.0.M4/spring-boot-starter-logging-2.2.0.M4.jar:/Users/lauran/.m2/repository/ch/qos/logback/logback-classic/1.2.3/logback-classic-1.2.3.jar:/Users/lauran/.m2/repository/ch/qos/logback/logback-core/1.2.3/logback-core-1.2.3.jar:/Users/lauran/.m2/repository/org/apache/logging/log4j/log4j-to-slf4j/2.11.2/log4j-to-slf4j-2.11.2.jar:/Users/lauran/.m2/repository/org/apache/logging/log4j/log4j-api/2.11.2/log4j-api-2.11.2.jar:/Users/lauran/.m2/repository/org/slf4j/jul-to-slf4j/1.7.26/jul-to-slf4j-1.7.26.jar:/Users/lauran/.m2/repository/jakarta/annotation/jakarta.annotation-api/1.3.4/jakarta.annotation-api-1.3.4.jar:/Users/lauran/.m2/repository/org/yaml/snakeyaml/1.24/snakeyaml-1.24.jar:/Users/lauran/.m2/repository/org/springframework/boot/spring-boot-starter-json/2.2.0.M4/spring-boot-starter-json-2.2.0.M4.jar:/Users/lauran/.m2/repository/com/fasterxml/jackson/core/jackson-databind/2.9.9/jackson-databind-2.9.9.jar:/Users/lauran/.m2/repository/com/fasterxml/jackson/core/jackson-annotations/2.9.0/jackson-annotations-2.9.0.jar:/Users/lauran/.m2/repository/com/fasterxml/jackson/datatype/jackson-datatype-jdk8/2.9.9/jackson-datatype-jdk8-2.9.9.jar:/Users/lauran/.m2/repository/com/fasterxml/jackson/datatype/jackson-datatype-jsr310/2.9.9/jackson-datatype-jsr310-2.9.9.jar:/Users/lauran/.m2/repository/com/fasterxml/jackson/module/jackson-module-parameter-names/2.9.9/jackson-module-parameter-names-2.9.9.jar:/Users/lauran/.m2/repository/org/springframework/boot/spring-boot-starter-tomcat/2.2.0.M4/spring-boot-starter-tomcat-2.2.0.M4.jar:/Users/lauran/.m2/repository/org/apache/tomcat/embed/tomcat-embed-core/9.0.21/tomcat-embed-core-9.0.21.jar:/Users/lauran/.m2/repository/org/apache/tomcat/embed/tomcat-embed-el/9.0.21/tomcat-embed-el-9.0.21.jar:/Users/lauran/.m2/repository/org/apache/tomcat/embed/tomcat-embed-websocket/9.0.21/tomcat-embed-websocket-9.0.21.jar:/Users/lauran/.m2/repository/org/springframework/boot/spring-boot-starter-validation/2.2.0.M4/spring-boot-starter-validation-2.2.0.M4.jar:/Users/lauran/.m2/repository/jakarta/validation/jakarta.validation-api/2.0.1/jakarta.validation-api-2.0.1.jar:/Users/lauran/.m2/repository/org/hibernate/validator/hibernate-validator/6.0.17.Final/hibernate-validator-6.0.17.Final.jar:/Users/lauran/.m2/repository/org/springframework/spring-web/5.2.0.M3/spring-web-5.2.0.M3.jar:/Users/lauran/.m2/repository/org/springframework/spring-webmvc/5.2.0.M3/spring-webmvc-5.2.0.M3.jar:/Users/lauran/.m2/repository/org/springframework/spring-expression/5.2.0.M3/spring-expression-5.2.0.M3.jar:/Users/lauran/.m2/repository/org/springframework/boot/spring-boot-starter-thymeleaf/2.2.0.M4/spring-boot-starter-thymeleaf-2.2.0.M4.jar:/Users/lauran/.m2/repository/org/thymeleaf/thymeleaf-spring5/3.0.11.RELEASE/thymeleaf-spring5-3.0.11.RELEASE.jar:/Users/lauran/.m2/repository/org/thymeleaf/extras/thymeleaf-extras-java8time/3.0.4.RELEASE/thymeleaf-extras-java8time-3.0.4.RELEASE.jar:/Users/lauran/.m2/repository/org/thymeleaf/thymeleaf/3.0.11.RELEASE/thymeleaf-3.0.11.RELEASE.jar:/Users/lauran/.m2/repository/ognl/ognl/3.1.12/ognl-3.1.12.jar:/Users/lauran/.m2/repository/org/attoparser/attoparser/2.0.5.RELEASE/attoparser-2.0.5.RELEASE.jar:/Users/lauran/.m2/repository/org/unbescape/unbescape/1.1.6.RELEASE/unbescape-1.1.6.RELEASE.jar:/Users/lauran/.m2/repository/org/slf4j/slf4j-api/1.7.26/slf4j-api-1.7.26.jar:/Users/lauran/.m2/repository/org/webjars/webjars-locator-core/0.37/webjars-locator-core-0.37.jar:/Users/lauran/.m2/repository/org/apache/commons/commons-lang3/3.9/commons-lang3-3.9.jar:/Users/lauran/.m2/repository/org/apache/commons/commons-compress/1.18/commons-compress-1.18.jar:/Users/lauran/.m2/repository/com/fasterxml/jackson/core/jackson-core/2.9.9/jackson-core-2.9.9.jar:/Users/lauran/.m2/repository/org/springframework/boot/spring-boot-starter-security/2.2.0.M4/spring-boot-starter-security-2.2.0.M4.jar:/Users/lauran/.m2/repository/org/springframework/spring-aop/5.2.0.M3/spring-aop-5.2.0.M3.jar:/Users/lauran/.m2/repository/org/springframework/security/spring-security-config/5.2.0.M3/spring-security-config-5.2.0.M3.jar:/Users/lauran/.m2/repository/org/springframework/security/spring-security-web/5.2.0.M3/spring-security-web-5.2.0.M3.jar:/Users/lauran/.m2/repository/org/thymeleaf/extras/thymeleaf-extras-springsecurity5/3.0.4.RELEASE/thymeleaf-extras-springsecurity5-3.0.4.RELEASE.jar:/Users/lauran/.m2/repository/org/springframework/security/spring-security-test/5.2.0.M3/spring-security-test-5.2.0.M3.jar:/Users/lauran/.m2/repository/org/springframework/security/spring-security-core/5.2.0.M3/spring-security-core-5.2.0.M3.jar:/Users/lauran/.m2/repository/org/springframework/spring-core/5.2.0.M3/spring-core-5.2.0.M3.jar:/Users/lauran/.m2/repository/org/springframework/spring-jcl/5.2.0.M3/spring-jcl-5.2.0.M3.jar:/Users/lauran/.m2/repository/org/springframework/spring-test/5.2.0.M3/spring-test-5.2.0.M3.jar:/Users/lauran/.m2/repository/org/springframework/boot/spring-boot-starter-test/2.2.0.M4/spring-boot-starter-test-2.2.0.M4.jar:/Users/lauran/.m2/repository/org/springframework/boot/spring-boot-test/2.2.0.M4/spring-boot-test-2.2.0.M4.jar:/Users/lauran/.m2/repository/org/springframework/boot/spring-boot-test-autoconfigure/2.2.0.M4/spring-boot-test-autoconfigure-2.2.0.M4.jar:/Users/lauran/.m2/repository/com/jayway/jsonpath/json-path/2.4.0/json-path-2.4.0.jar:/Users/lauran/.m2/repository/net/minidev/json-smart/2.3/json-smart-2.3.jar:/Users/lauran/.m2/repository/net/minidev/accessors-smart/1.2/accessors-smart-1.2.jar:/Users/lauran/.m2/repository/org/ow2/asm/asm/5.0.4/asm-5.0.4.jar:/Users/lauran/.m2/repository/jakarta/xml/bind/jakarta.xml.bind-api/2.3.2/jakarta.xml.bind-api-2.3.2.jar:/Users/lauran/.m2/repository/org/hamcrest/hamcrest/2.1/hamcrest-2.1.jar:/Users/lauran/.m2/repository/org/mockito/mockito-core/2.28.2/mockito-core-2.28.2.jar:/Users/lauran/.m2/repository/net/bytebuddy/byte-buddy-agent/1.9.13/byte-buddy-agent-1.9.13.jar:/Users/lauran/.m2/repository/org/objenesis/objenesis/2.6/objenesis-2.6.jar:/Users/lauran/.m2/repository/org/skyscreamer/jsonassert/1.5.0/jsonassert-1.5.0.jar:/Users/lauran/.m2/repository/com/vaadin/external/google/android-json/0.0.20131108.vaadin1/android-json-0.0.20131108.vaadin1.jar:/Users/lauran/.m2/repository/org/xmlunit/xmlunit-core/2.6.2/xmlunit-core-2.6.2.jar:/Users/lauran/.m2/repository/org/junit/jupiter/junit-jupiter/5.4.2/junit-jupiter-5.4.2.jar:/Users/lauran/.m2/repository/org/junit/jupiter/junit-jupiter-api/5.4.2/junit-jupiter-api-5.4.2.jar:/Users/lauran/.m2/repository/org/apiguardian/apiguardian-api/1.0.0/apiguardian-api-1.0.0.jar:/Users/lauran/.m2/repository/org/opentest4j/opentest4j/1.1.1/opentest4j-1.1.1.jar:/Users/lauran/.m2/repository/org/junit/platform/junit-platform-commons/1.4.2/junit-platform-commons-1.4.2.jar:/Users/lauran/.m2/repository/org/junit/jupiter/junit-jupiter-params/5.4.2/junit-jupiter-params-5.4.2.jar:/Users/lauran/.m2/repository/org/junit/jupiter/junit-jupiter-engine/5.4.2/junit-jupiter-engine-5.4.2.jar:/Users/lauran/.m2/repository/org/junit/platform/junit-platform-engine/1.4.2/junit-platform-engine-1.4.2.jar:/Users/lauran/.m2/repository/org/mockito/mockito-junit-jupiter/2.28.2/mockito-junit-jupiter-2.28.2.jar:/Users/lauran/.m2/repository/org/assertj/assertj-core/3.12.2/assertj-core-3.12.2.jar:/Users/lauran/.m2/repository/org/webjars/jquery/3.4.1/jquery-3.4.1.jar:/Users/lauran/.m2/repository/org/webjars/bootstrap/4.3.1/bootstrap-4.3.1.jar:/Users/lauran/.m2/repository/org/webjars/popper.js/1.14.3/popper.js-1.14.3.jar:/Users/lauran/.m2/repository/org/webjars/font-awesome/5.8.1/font-awesome-5.8.1.jar:/Users/lauran/.m2/repository/org/springframework/boot/spring-boot-devtools/2.2.0.M4/spring-boot-devtools-2.2.0.M4.jar:/Users/lauran/.m2/repository/org/springframework/boot/spring-boot/2.2.0.M4/spring-boot-2.2.0.M4.jar:/Users/lauran/.m2/repository/org/springframework/boot/spring-boot-autoconfigure/2.2.0.M4/spring-boot-autoconfigure-2.2.0.M4.jar:"/>
    <property name="java.vm.vendor" value="Oracle Corporation"/>
    <property name="sun.arch.data.model" value="64"/>
    <property name="java.vendor.url" value="https://java.oracle.com/"/>
    <property name="os.name" value="Mac OS X"/>
    <property name="java.vm.specification.version" value="13"/>
    <property name="sun.java.launcher" value="SUN_STANDARD"/>
    <property name="user.country" value="DE"/>
    <property name="sun.boot.library.path" value="/Library/Java/JavaVirtualMachines/jdk-13.0.1.jdk/Contents/Home/lib"/>
    <property name="sun.java.command" value="/Users/lauran/guestbook/target/surefire/surefirebooter9122672189465613791.jar /Users/lauran/guestbook/target/surefire 2019-10-19T18-42-42_457-jvmRun1 surefire12134881847426940171tmp surefire_017695514150115278330tmp"/>
    <property name="http.nonProxyHosts" value="local|*.local|169.254/16|*.169.254/16"/>
    <property name="jdk.debug" value="release"/>
    <property name="surefire.test.class.path" value="/Users/lauran/guestbook/target/test-classes:/Users/lauran/guestbook/target/classes:/Users/lauran/.m2/repository/org/springframework/boot/spring-boot-starter-data-jpa/2.2.0.M4/spring-boot-starter-data-jpa-2.2.0.M4.jar:/Users/lauran/.m2/repository/org/springframework/boot/spring-boot-starter-aop/2.2.0.M4/spring-boot-starter-aop-2.2.0.M4.jar:/Users/lauran/.m2/repository/org/aspectj/aspectjweaver/1.9.4/aspectjweaver-1.9.4.jar:/Users/lauran/.m2/repository/org/springframework/boot/spring-boot-starter-jdbc/2.2.0.M4/spring-boot-starter-jdbc-2.2.0.M4.jar:/Users/lauran/.m2/repository/com/zaxxer/HikariCP/3.3.1/HikariCP-3.3.1.jar:/Users/lauran/.m2/repository/org/springframework/spring-jdbc/5.2.0.M3/spring-jdbc-5.2.0.M3.jar:/Users/lauran/.m2/repository/jakarta/activation/jakarta.activation-api/1.2.1/jakarta.activation-api-1.2.1.jar:/Users/lauran/.m2/repository/jakarta/persistence/jakarta.persistence-api/2.2.2/jakarta.persistence-api-2.2.2.jar:/Users/lauran/.m2/repository/jakarta/transaction/jakarta.transaction-api/1.3.2/jakarta.transaction-api-1.3.2.jar:/Users/lauran/.m2/repository/org/hibernate/hibernate-core/5.4.3.Final/hibernate-core-5.4.3.Final.jar:/Users/lauran/.m2/repository/org/jboss/logging/jboss-logging/3.4.0.Final/jboss-logging-3.4.0.Final.jar:/Users/lauran/.m2/repository/org/javassist/javassist/3.24.0-GA/javassist-3.24.0-GA.jar:/Users/lauran/.m2/repository/net/bytebuddy/byte-buddy/1.9.13/byte-buddy-1.9.13.jar:/Users/lauran/.m2/repository/antlr/antlr/2.7.7/antlr-2.7.7.jar:/Users/lauran/.m2/repository/org/jboss/jandex/2.0.5.Final/jandex-2.0.5.Final.jar:/Users/lauran/.m2/repository/com/fasterxml/classmate/1.5.0/classmate-1.5.0.jar:/Users/lauran/.m2/repository/org/dom4j/dom4j/2.1.1/dom4j-2.1.1.jar:/Users/lauran/.m2/repository/org/hibernate/common/hibernate-commons-annotations/5.1.0.Final/hibernate-commons-annotations-5.1.0.Final.jar:/Users/lauran/.m2/repository/org/glassfish/jaxb/jaxb-runtime/2.3.2/jaxb-runtime-2.3.2.jar:/Users/lauran/.m2/repository/org/glassfish/jaxb/txw2/2.3.2/txw2-2.3.2.jar:/Users/lauran/.m2/repository/com/sun/istack/istack-commons-runtime/3.0.8/istack-commons-runtime-3.0.8.jar:/Users/lauran/.m2/repository/org/jvnet/staxex/stax-ex/1.8.1/stax-ex-1.8.1.jar:/Users/lauran/.m2/repository/com/sun/xml/fastinfoset/FastInfoset/1.2.16/FastInfoset-1.2.16.jar:/Users/lauran/.m2/repository/org/springframework/data/spring-data-jpa/2.2.0.RC1/spring-data-jpa-2.2.0.RC1.jar:/Users/lauran/.m2/repository/org/springframework/data/spring-data-commons/2.2.0.RC1/spring-data-commons-2.2.0.RC1.jar:/Users/lauran/.m2/repository/org/springframework/spring-orm/5.2.0.M3/spring-orm-5.2.0.M3.jar:/Users/lauran/.m2/repository/org/springframework/spring-context/5.2.0.M3/spring-context-5.2.0.M3.jar:/Users/lauran/.m2/repository/org/springframework/spring-tx/5.2.0.M3/spring-tx-5.2.0.M3.jar:/Users/lauran/.m2/repository/org/springframework/spring-beans/5.2.0.M3/spring-beans-5.2.0.M3.jar:/Users/lauran/.m2/repository/org/springframework/spring-aspects/5.2.0.M3/spring-aspects-5.2.0.M3.jar:/Users/lauran/.m2/repository/org/hsqldb/hsqldb/2.5.0/hsqldb-2.5.0.jar:/Users/lauran/.m2/repository/org/springframework/boot/spring-boot-starter-web/2.2.0.M4/spring-boot-starter-web-2.2.0.M4.jar:/Users/lauran/.m2/repository/org/springframework/boot/spring-boot-starter/2.2.0.M4/spring-boot-starter-2.2.0.M4.jar:/Users/lauran/.m2/repository/org/springframework/boot/spring-boot-starter-logging/2.2.0.M4/spring-boot-starter-logging-2.2.0.M4.jar:/Users/lauran/.m2/repository/ch/qos/logback/logback-classic/1.2.3/logback-classic-1.2.3.jar:/Users/lauran/.m2/repository/ch/qos/logback/logback-core/1.2.3/logback-core-1.2.3.jar:/Users/lauran/.m2/repository/org/apache/logging/log4j/log4j-to-slf4j/2.11.2/log4j-to-slf4j-2.11.2.jar:/Users/lauran/.m2/repository/org/apache/logging/log4j/log4j-api/2.11.2/log4j-api-2.11.2.jar:/Users/lauran/.m2/repository/org/slf4j/jul-to-slf4j/1.7.26/jul-to-slf4j-1.7.26.jar:/Users/lauran/.m2/repository/jakarta/annotation/jakarta.annotation-api/1.3.4/jakarta.annotation-api-1.3.4.jar:/Users/lauran/.m2/repository/org/yaml/snakeyaml/1.24/snakeyaml-1.24.jar:/Users/lauran/.m2/repository/org/springframework/boot/spring-boot-starter-json/2.2.0.M4/spring-boot-starter-json-2.2.0.M4.jar:/Users/lauran/.m2/repository/com/fasterxml/jackson/core/jackson-databind/2.9.9/jackson-databind-2.9.9.jar:/Users/lauran/.m2/repository/com/fasterxml/jackson/core/jackson-annotations/2.9.0/jackson-annotations-2.9.0.jar:/Users/lauran/.m2/repository/com/fasterxml/jackson/datatype/jackson-datatype-jdk8/2.9.9/jackson-datatype-jdk8-2.9.9.jar:/Users/lauran/.m2/repository/com/fasterxml/jackson/datatype/jackson-datatype-jsr310/2.9.9/jackson-datatype-jsr310-2.9.9.jar:/Users/lauran/.m2/repository/com/fasterxml/jackson/module/jackson-module-parameter-names/2.9.9/jackson-module-parameter-names-2.9.9.jar:/Users/lauran/.m2/repository/org/springframework/boot/spring-boot-starter-tomcat/2.2.0.M4/spring-boot-starter-tomcat-2.2.0.M4.jar:/Users/lauran/.m2/repository/org/apache/tomcat/embed/tomcat-embed-core/9.0.21/tomcat-embed-core-9.0.21.jar:/Users/lauran/.m2/repository/org/apache/tomcat/embed/tomcat-embed-el/9.0.21/tomcat-embed-el-9.0.21.jar:/Users/lauran/.m2/repository/org/apache/tomcat/embed/tomcat-embed-websocket/9.0.21/tomcat-embed-websocket-9.0.21.jar:/Users/lauran/.m2/repository/org/springframework/boot/spring-boot-starter-validation/2.2.0.M4/spring-boot-starter-validation-2.2.0.M4.jar:/Users/lauran/.m2/repository/jakarta/validation/jakarta.validation-api/2.0.1/jakarta.validation-api-2.0.1.jar:/Users/lauran/.m2/repository/org/hibernate/validator/hibernate-validator/6.0.17.Final/hibernate-validator-6.0.17.Final.jar:/Users/lauran/.m2/repository/org/springframework/spring-web/5.2.0.M3/spring-web-5.2.0.M3.jar:/Users/lauran/.m2/repository/org/springframework/spring-webmvc/5.2.0.M3/spring-webmvc-5.2.0.M3.jar:/Users/lauran/.m2/repository/org/springframework/spring-expression/5.2.0.M3/spring-expression-5.2.0.M3.jar:/Users/lauran/.m2/repository/org/springframework/boot/spring-boot-starter-thymeleaf/2.2.0.M4/spring-boot-starter-thymeleaf-2.2.0.M4.jar:/Users/lauran/.m2/repository/org/thymeleaf/thymeleaf-spring5/3.0.11.RELEASE/thymeleaf-spring5-3.0.11.RELEASE.jar:/Users/lauran/.m2/repository/org/thymeleaf/extras/thymeleaf-extras-java8time/3.0.4.RELEASE/thymeleaf-extras-java8time-3.0.4.RELEASE.jar:/Users/lauran/.m2/repository/org/thymeleaf/thymeleaf/3.0.11.RELEASE/thymeleaf-3.0.11.RELEASE.jar:/Users/lauran/.m2/repository/ognl/ognl/3.1.12/ognl-3.1.12.jar:/Users/lauran/.m2/repository/org/attoparser/attoparser/2.0.5.RELEASE/attoparser-2.0.5.RELEASE.jar:/Users/lauran/.m2/repository/org/unbescape/unbescape/1.1.6.RELEASE/unbescape-1.1.6.RELEASE.jar:/Users/lauran/.m2/repository/org/slf4j/slf4j-api/1.7.26/slf4j-api-1.7.26.jar:/Users/lauran/.m2/repository/org/webjars/webjars-locator-core/0.37/webjars-locator-core-0.37.jar:/Users/lauran/.m2/repository/org/apache/commons/commons-lang3/3.9/commons-lang3-3.9.jar:/Users/lauran/.m2/repository/org/apache/commons/commons-compress/1.18/commons-compress-1.18.jar:/Users/lauran/.m2/repository/com/fasterxml/jackson/core/jackson-core/2.9.9/jackson-core-2.9.9.jar:/Users/lauran/.m2/repository/org/springframework/boot/spring-boot-starter-security/2.2.0.M4/spring-boot-starter-security-2.2.0.M4.jar:/Users/lauran/.m2/repository/org/springframework/spring-aop/5.2.0.M3/spring-aop-5.2.0.M3.jar:/Users/lauran/.m2/repository/org/springframework/security/spring-security-config/5.2.0.M3/spring-security-config-5.2.0.M3.jar:/Users/lauran/.m2/repository/org/springframework/security/spring-security-web/5.2.0.M3/spring-security-web-5.2.0.M3.jar:/Users/lauran/.m2/repository/org/thymeleaf/extras/thymeleaf-extras-springsecurity5/3.0.4.RELEASE/thymeleaf-extras-springsecurity5-3.0.4.RELEASE.jar:/Users/lauran/.m2/repository/org/springframework/security/spring-security-test/5.2.0.M3/spring-security-test-5.2.0.M3.jar:/Users/lauran/.m2/repository/org/springframework/security/spring-security-core/5.2.0.M3/spring-security-core-5.2.0.M3.jar:/Users/lauran/.m2/repository/org/springframework/spring-core/5.2.0.M3/spring-core-5.2.0.M3.jar:/Users/lauran/.m2/repository/org/springframework/spring-jcl/5.2.0.M3/spring-jcl-5.2.0.M3.jar:/Users/lauran/.m2/repository/org/springframework/spring-test/5.2.0.M3/spring-test-5.2.0.M3.jar:/Users/lauran/.m2/repository/org/springframework/boot/spring-boot-starter-test/2.2.0.M4/spring-boot-starter-test-2.2.0.M4.jar:/Users/lauran/.m2/repository/org/springframework/boot/spring-boot-test/2.2.0.M4/spring-boot-test-2.2.0.M4.jar:/Users/lauran/.m2/repository/org/springframework/boot/spring-boot-test-autoconfigure/2.2.0.M4/spring-boot-test-autoconfigure-2.2.0.M4.jar:/Users/lauran/.m2/repository/com/jayway/jsonpath/json-path/2.4.0/json-path-2.4.0.jar:/Users/lauran/.m2/repository/net/minidev/json-smart/2.3/json-smart-2.3.jar:/Users/lauran/.m2/repository/net/minidev/accessors-smart/1.2/accessors-smart-1.2.jar:/Users/lauran/.m2/repository/org/ow2/asm/asm/5.0.4/asm-5.0.4.jar:/Users/lauran/.m2/repository/jakarta/xml/bind/jakarta.xml.bind-api/2.3.2/jakarta.xml.bind-api-2.3.2.jar:/Users/lauran/.m2/repository/org/hamcrest/hamcrest/2.1/hamcrest-2.1.jar:/Users/lauran/.m2/repository/org/mockito/mockito-core/2.28.2/mockito-core-2.28.2.jar:/Users/lauran/.m2/repository/net/bytebuddy/byte-buddy-agent/1.9.13/byte-buddy-agent-1.9.13.jar:/Users/lauran/.m2/repository/org/objenesis/objenesis/2.6/objenesis-2.6.jar:/Users/lauran/.m2/repository/org/skyscreamer/jsonassert/1.5.0/jsonassert-1.5.0.jar:/Users/lauran/.m2/repository/com/vaadin/external/google/android-json/0.0.20131108.vaadin1/android-json-0.0.20131108.vaadin1.jar:/Users/lauran/.m2/repository/org/xmlunit/xmlunit-core/2.6.2/xmlunit-core-2.6.2.jar:/Users/lauran/.m2/repository/org/junit/jupiter/junit-jupiter/5.4.2/junit-jupiter-5.4.2.jar:/Users/lauran/.m2/repository/org/junit/jupiter/junit-jupiter-api/5.4.2/junit-jupiter-api-5.4.2.jar:/Users/lauran/.m2/repository/org/apiguardian/apiguardian-api/1.0.0/apiguardian-api-1.0.0.jar:/Users/lauran/.m2/repository/org/opentest4j/opentest4j/1.1.1/opentest4j-1.1.1.jar:/Users/lauran/.m2/repository/org/junit/platform/junit-platform-commons/1.4.2/junit-platform-commons-1.4.2.jar:/Users/lauran/.m2/repository/org/junit/jupiter/junit-jupiter-params/5.4.2/junit-jupiter-params-5.4.2.jar:/Users/lauran/.m2/repository/org/junit/jupiter/junit-jupiter-engine/5.4.2/junit-jupiter-engine-5.4.2.jar:/Users/lauran/.m2/repository/org/junit/platform/junit-platform-engine/1.4.2/junit-platform-engine-1.4.2.jar:/Users/lauran/.m2/repository/org/mockito/mockito-junit-jupiter/2.28.2/mockito-junit-jupiter-2.28.2.jar:/Users/lauran/.m2/repository/org/assertj/assertj-core/3.12.2/assertj-core-3.12.2.jar:/Users/lauran/.m2/repository/org/webjars/jquery/3.4.1/jquery-3.4.1.jar:/Users/lauran/.m2/repository/org/webjars/bootstrap/4.3.1/bootstrap-4.3.1.jar:/Users/lauran/.m2/repository/org/webjars/popper.js/1.14.3/popper.js-1.14.3.jar:/Users/lauran/.m2/repository/org/webjars/font-awesome/5.8.1/font-awesome-5.8.1.jar:/Users/lauran/.m2/repository/org/springframework/boot/spring-boot-devtools/2.2.0.M4/spring-boot-devtools-2.2.0.M4.jar:/Users/lauran/.m2/repository/org/springframework/boot/spring-boot/2.2.0.M4/spring-boot-2.2.0.M4.jar:/Users/lauran/.m2/repository/org/springframework/boot/spring-boot-autoconfigure/2.2.0.M4/spring-boot-autoconfigure-2.2.0.M4.jar:"/>
    <property name="sun.cpu.endian" value="little"/>
    <property name="user.home" value="/Users/lauran"/>
    <property name="user.language" value="de"/>
    <property name="java.specification.vendor" value="Oracle Corporation"/>
    <property name="java.version.date" value="2019-10-15"/>
    <property name="java.home" value="/Library/Java/JavaVirtualMachines/jdk-13.0.1.jdk/Contents/Home"/>
    <property name="file.separator" value="/"/>
    <property name="basedir" value="/Users/lauran/guestbook"/>
    <property name="java.vm.compressedOopsMode" value="Zero based"/>
    <property name="line.separator" value="&#10;"/>
    <property name="java.specification.name" value="Java Platform API Specification"/>
    <property name="java.vm.specification.vendor" value="Oracle Corporation"/>
    <property name="surefire.real.class.path" value="/Users/lauran/guestbook/target/surefire/surefirebooter9122672189465613791.jar"/>
    <property name="sun.management.compiler" value="HotSpot 64-Bit Tiered Compilers"/>
    <property name="ftp.nonProxyHosts" value="local|*.local|169.254/16|*.169.254/16"/>
    <property name="java.runtime.version" value="13.0.1+9"/>
    <property name="user.name" value="lauran"/>
    <property name="path.separator" value=":"/>
    <property name="os.version" value="10.14.6"/>
    <property name="java.runtime.name" value="Java(TM) SE Runtime Environment"/>
    <property name="file.encoding" value="UTF-8"/>
    <property name="java.vm.name" value="Java HotSpot(TM) 64-Bit Server VM"/>
    <property name="localRepository" value="/Users/lauran/.m2/repository"/>
    <property name="java.vendor.url.bug" value="https://bugreport.java.com/bugreport/"/>
    <property name="java.io.tmpdir" value="/var/folders/99/9hdk_8591490zm5hwgtx0dbr0000gn/T/"/>
    <property name="java.version" value="13.0.1"/>
    <property name="user.dir" value="/Users/lauran/guestbook"/>
    <property name="os.arch" value="x86_64"/>
    <property name="java.vm.specification.name" value="Java Virtual Machine Specification"/>
    <property name="java.library.path" value="/Users/lauran/Library/Java/Extensions:/Library/Java/Extensions:/Network/Library/Java/Extensions:/System/Library/Java/Extensions:/usr/lib/java:."/>
    <property name="java.vm.info" value="mixed mode, sharing"/>
    <property name="java.vendor" value="Oracle Corporation"/>
    <property name="java.vm.version" value="13.0.1+9"/>
    <property name="sun.io.unicode.encoding" value="UnicodeBig"/>
    <property name="socksNonProxyHosts" value="local|*.local|169.254/16|*.169.254/16"/>
    <property name="java.class.version" value="57.0"/>
  </properties>
  <testcase name="redirectsToLoginPageForSecuredResource" classname="guestbook.GuestbookControllerIntegrationTests" time="0.065"/>
  <testcase name="returnsModelAndViewForSecuredUriAfterAuthentication" classname="guestbook.GuestbookControllerIntegrationTests" time="0.047"/>
</testsuite>